INFO:root:
 *-----------------------------------*
        NEW GAME                      
 time start:2023-03-29 11:39:35 
INFO:root: W:r W:n W:b W:k W:q W:b W:n W:r
INFO:root: W:p W:p W:p W:p W:p W:p W:p W:p
INFO:root: --  --  --  --  --  --  --  -- 
INFO:root: --  --  --  --  --  --  --  -- 
INFO:root: --  --  --  --  --  --  --  -- 
INFO:root: --  --  --  --  --  --  --  -- 
INFO:root: B:p B:p B:p B:p B:p B:p B:p B:p
INFO:root: B:r B:n B:b B:k B:q B:b B:n B:r
INFO:root:

1:  player: white move p from:(1, 3) to" (3, 3)
INFO:root: W:r W:n W:b W:k W:q W:b W:n W:r
INFO:root: W:p W:p W:p --  W:p W:p W:p W:p
INFO:root: --  --  --  --  --  --  --  -- 
INFO:root: --  --  --  W:p --  --  --  -- 
INFO:root: --  --  --  --  --  --  --  -- 
INFO:root: --  --  --  --  --  --  --  -- 
INFO:root: B:p B:p B:p B:p B:p B:p B:p B:p
INFO:root: B:r B:n B:b B:k B:q B:b B:n B:r
INFO:root:

2:  player: black move p from:(6, 0) to" (5, 0)
INFO:root: W:r W:n W:b W:k W:q W:b W:n W:r
INFO:root: W:p W:p W:p --  W:p W:p W:p W:p
INFO:root: --  --  --  --  --  --  --  -- 
INFO:root: --  --  --  W:p --  --  --  -- 
INFO:root: --  --  --  --  --  --  --  -- 
INFO:root: B:p --  --  --  --  --  --  -- 
INFO:root: --  B:p B:p B:p B:p B:p B:p B:p
INFO:root: B:r B:n B:b B:k B:q B:b B:n B:r
INFO:root:

3:  player: white move b from:(0, 2) to" (3, 5)
INFO:root: W:r W:n --  W:k W:q W:b W:n W:r
INFO:root: W:p W:p W:p --  W:p W:p W:p W:p
INFO:root: --  --  --  --  --  --  --  -- 
INFO:root: --  --  --  W:p --  W:b --  -- 
INFO:root: --  --  --  --  --  --  --  -- 
INFO:root: B:p --  --  --  --  --  --  -- 
INFO:root: --  B:p B:p B:p B:p B:p B:p B:p
INFO:root: B:r B:n B:b B:k B:q B:b B:n B:r
INFO:root:

4:  player: black move p from:(5, 0) to" (4, 0)
INFO:root: W:r W:n --  W:k W:q W:b W:n W:r
INFO:root: W:p W:p W:p --  W:p W:p W:p W:p
INFO:root: --  --  --  --  --  --  --  -- 
INFO:root: --  --  --  W:p --  W:b --  -- 
INFO:root: B:p --  --  --  --  --  --  -- 
INFO:root: --  --  --  --  --  --  --  -- 
INFO:root: --  B:p B:p B:p B:p B:p B:p B:p
INFO:root: B:r B:n B:b B:k B:q B:b B:n B:r
INFO:root:

5:  player: white move k from:(0, 3) to" (1, 3)
INFO:root: W:r W:n --  --  W:q W:b W:n W:r
INFO:root: W:p W:p W:p W:k W:p W:p W:p W:p
INFO:root: --  --  --  --  --  --  --  -- 
INFO:root: --  --  --  W:p --  W:b --  -- 
INFO:root: B:p --  --  --  --  --  --  -- 
INFO:root: --  --  --  --  --  --  --  -- 
INFO:root: --  B:p B:p B:p B:p B:p B:p B:p
INFO:root: B:r B:n B:b B:k B:q B:b B:n B:r
